<?xml version="1.0" encoding="UTF-8"?>
<coverage generated="1739819883099" clover="3.2.0">
  <project timestamp="1739819883099" name="All files">
    <metrics statements="35" coveredstatements="33" conditionals="11" coveredconditionals="9" methods="5" coveredmethods="5" elements="51" coveredelements="47" complexity="0" loc="35" ncloc="35" packages="1" files="2" classes="2"/>
    <file name="constants.ts" path="/Users/gudlaugvestmann/Library/Mobile Documents/com~apple~CloudDocs/RU/sixth_semester/Viðhald Hubúnaðar/Assignments/Assignment2/Assignment2---VIHU/src/constants.ts">
      <metrics statements="7" coveredstatements="7" conditionals="1" coveredconditionals="1" methods="0" coveredmethods="0"/>
      <line num="1" count="1" type="cond" truecount="1" falsecount="0"/>
      <line num="2" count="1" type="stmt"/>
      <line num="3" count="1" type="stmt"/>
      <line num="4" count="1" type="stmt"/>
      <line num="5" count="1" type="stmt"/>
      <line num="6" count="1" type="stmt"/>
      <line num="7" count="1" type="stmt"/>
    </file>
    <file name="dateUtils.ts" path="/Users/gudlaugvestmann/Library/Mobile Documents/com~apple~CloudDocs/RU/sixth_semester/Viðhald Hubúnaðar/Assignments/Assignment2/Assignment2---VIHU/src/dateUtils.ts">
      <metrics statements="28" coveredstatements="26" conditionals="10" coveredconditionals="8" methods="5" coveredmethods="5"/>
      <line num="1" count="1" type="stmt"/>
      <line num="2" count="1" type="stmt"/>
      <line num="4" count="1" type="cond" truecount="1" falsecount="0"/>
      <line num="5" count="2" type="stmt"/>
      <line num="6" count="2" type="stmt"/>
      <line num="8" count="1" type="cond" truecount="1" falsecount="0"/>
      <line num="9" count="7" type="stmt"/>
      <line num="10" count="7" type="cond" truecount="1" falsecount="0"/>
      <line num="11" count="5" type="stmt"/>
      <line num="12" count="7" type="cond" truecount="0" falsecount="1"/>
      <line num="13" count="0" type="stmt"/>
      <line num="14" count="7" type="cond" truecount="1" falsecount="0"/>
      <line num="15" count="1" type="stmt"/>
      <line num="16" count="7" type="cond" truecount="1" falsecount="0"/>
      <line num="17" count="1" type="stmt"/>
      <line num="18" count="7" type="cond" truecount="0" falsecount="1"/>
      <line num="19" count="0" type="stmt"/>
      <line num="20" count="7" type="stmt"/>
      <line num="21" count="7" type="stmt"/>
      <line num="23" count="1" type="cond" truecount="1" falsecount="0"/>
      <line num="24" count="4" type="stmt"/>
      <line num="25" count="4" type="stmt"/>
      <line num="27" count="1" type="cond" truecount="1" falsecount="0"/>
      <line num="28" count="3" type="stmt"/>
      <line num="29" count="3" type="stmt"/>
      <line num="31" count="1" type="cond" truecount="1" falsecount="0"/>
      <line num="32" count="3" type="stmt"/>
      <line num="33" count="3" type="stmt"/>
    </file>
  </project>
</coverage>
