{"/Users/gudlaugvestmann/Library/Mobile Documents/com~apple~CloudDocs/RU/sixth_semester/Viðhald Hubúnaðar/Assignments/Assignment2/Assignment2---VIHU/src/constants.ts": {"path":"/Users/gudlaugvestmann/Library/Mobile Documents/com~apple~CloudDocs/RU/sixth_semester/Viðhald Hubúnaðar/Assignments/Assignment2/Assignment2---VIHU/src/constants.ts","all":false,"statementMap":{"0":{"start":{"line":1,"column":0},"end":{"line":1,"column":29}},"1":{"start":{"line":2,"column":0},"end":{"line":2,"column":22}},"2":{"start":{"line":3,"column":0},"end":{"line":3,"column":22}},"3":{"start":{"line":4,"column":0},"end":{"line":4,"column":16}},"4":{"start":{"line":5,"column":0},"end":{"line":5,"column":18}},"5":{"start":{"line":6,"column":0},"end":{"line":6,"column":20}},"6":{"start":{"line":7,"column":0},"end":{"line":7,"column":18}}},"s":{"0":1,"1":1,"2":1,"3":1,"4":1,"5":1,"6":1},"branchMap":{"0":{"type":"branch","line":1,"loc":{"start":{"line":1,"column":7},"end":{"line":1,"column":29}},"locations":[{"start":{"line":1,"column":7},"end":{"line":1,"column":29}}]}},"b":{"0":[1]},"fnMap":{},"f":{}}
,"/Users/gudlaugvestmann/Library/Mobile Documents/com~apple~CloudDocs/RU/sixth_semester/Viðhald Hubúnaðar/Assignments/Assignment2/Assignment2---VIHU/src/dateUtils.ts": {"path":"/Users/gudlaugvestmann/Library/Mobile Documents/com~apple~CloudDocs/RU/sixth_semester/Viðhald Hubúnaðar/Assignments/Assignment2/Assignment2---VIHU/src/dateUtils.ts","all":false,"statementMap":{"0":{"start":{"line":1,"column":0},"end":{"line":1,"column":46}},"1":{"start":{"line":2,"column":0},"end":{"line":2,"column":114}},"3":{"start":{"line":4,"column":0},"end":{"line":4,"column":42}},"4":{"start":{"line":5,"column":0},"end":{"line":5,"column":29}},"5":{"start":{"line":6,"column":0},"end":{"line":6,"column":1}},"7":{"start":{"line":8,"column":0},"end":{"line":8,"column":101}},"8":{"start":{"line":9,"column":0},"end":{"line":9,"column":16}},"9":{"start":{"line":10,"column":0},"end":{"line":10,"column":30}},"10":{"start":{"line":11,"column":0},"end":{"line":11,"column":35}},"11":{"start":{"line":12,"column":0},"end":{"line":12,"column":31}},"12":{"start":{"line":13,"column":0},"end":{"line":13,"column":36}},"13":{"start":{"line":14,"column":0},"end":{"line":14,"column":32}},"14":{"start":{"line":15,"column":0},"end":{"line":15,"column":37}},"15":{"start":{"line":16,"column":0},"end":{"line":16,"column":31}},"16":{"start":{"line":17,"column":0},"end":{"line":17,"column":36}},"17":{"start":{"line":18,"column":0},"end":{"line":18,"column":12}},"18":{"start":{"line":19,"column":0},"end":{"line":19,"column":18}},"19":{"start":{"line":20,"column":0},"end":{"line":20,"column":3}},"20":{"start":{"line":21,"column":0},"end":{"line":21,"column":1}},"22":{"start":{"line":23,"column":0},"end":{"line":23,"column":74}},"23":{"start":{"line":24,"column":0},"end":{"line":24,"column":58}},"24":{"start":{"line":25,"column":0},"end":{"line":25,"column":1}},"26":{"start":{"line":27,"column":0},"end":{"line":27,"column":70}},"27":{"start":{"line":28,"column":0},"end":{"line":28,"column":37}},"28":{"start":{"line":29,"column":0},"end":{"line":29,"column":1}},"30":{"start":{"line":31,"column":0},"end":{"line":31,"column":67}},"31":{"start":{"line":32,"column":0},"end":{"line":32,"column":38}},"32":{"start":{"line":33,"column":0},"end":{"line":33,"column":1}}},"s":{"0":1,"1":1,"3":1,"4":2,"5":2,"7":1,"8":7,"9":7,"10":5,"11":7,"12":0,"13":7,"14":1,"15":7,"16":1,"17":7,"18":0,"19":7,"20":7,"22":1,"23":4,"24":4,"26":1,"27":3,"28":3,"30":1,"31":3,"32":3},"branchMap":{"0":{"type":"branch","line":4,"loc":{"start":{"line":4,"column":7},"end":{"line":6,"column":1}},"locations":[{"start":{"line":4,"column":7},"end":{"line":6,"column":1}}]},"1":{"type":"branch","line":8,"loc":{"start":{"line":8,"column":7},"end":{"line":21,"column":1}},"locations":[{"start":{"line":8,"column":7},"end":{"line":21,"column":1}}]},"2":{"type":"branch","line":10,"loc":{"start":{"line":10,"column":4},"end":{"line":11,"column":35}},"locations":[{"start":{"line":10,"column":4},"end":{"line":11,"column":35}}]},"3":{"type":"branch","line":12,"loc":{"start":{"line":12,"column":4},"end":{"line":13,"column":36}},"locations":[{"start":{"line":12,"column":4},"end":{"line":13,"column":36}}]},"4":{"type":"branch","line":14,"loc":{"start":{"line":14,"column":4},"end":{"line":15,"column":37}},"locations":[{"start":{"line":14,"column":4},"end":{"line":15,"column":37}}]},"5":{"type":"branch","line":16,"loc":{"start":{"line":16,"column":4},"end":{"line":17,"column":36}},"locations":[{"start":{"line":16,"column":4},"end":{"line":17,"column":36}}]},"6":{"type":"branch","line":18,"loc":{"start":{"line":18,"column":4},"end":{"line":19,"column":18}},"locations":[{"start":{"line":18,"column":4},"end":{"line":19,"column":18}}]},"7":{"type":"branch","line":23,"loc":{"start":{"line":23,"column":7},"end":{"line":25,"column":1}},"locations":[{"start":{"line":23,"column":7},"end":{"line":25,"column":1}}]},"8":{"type":"branch","line":27,"loc":{"start":{"line":27,"column":7},"end":{"line":29,"column":1}},"locations":[{"start":{"line":27,"column":7},"end":{"line":29,"column":1}}]},"9":{"type":"branch","line":31,"loc":{"start":{"line":31,"column":7},"end":{"line":33,"column":1}},"locations":[{"start":{"line":31,"column":7},"end":{"line":33,"column":1}}]}},"b":{"0":[2],"1":[7],"2":[5],"3":[0],"4":[1],"5":[1],"6":[0],"7":[4],"8":[3],"9":[3]},"fnMap":{"0":{"name":"getCurrentYear","decl":{"start":{"line":4,"column":7},"end":{"line":6,"column":1}},"loc":{"start":{"line":4,"column":7},"end":{"line":6,"column":1}},"line":4},"1":{"name":"add","decl":{"start":{"line":8,"column":7},"end":{"line":21,"column":1}},"loc":{"start":{"line":8,"column":7},"end":{"line":21,"column":1}},"line":8},"2":{"name":"isWithinRange","decl":{"start":{"line":23,"column":7},"end":{"line":25,"column":1}},"loc":{"start":{"line":23,"column":7},"end":{"line":25,"column":1}},"line":23},"3":{"name":"isDateBefore","decl":{"start":{"line":27,"column":7},"end":{"line":29,"column":1}},"loc":{"start":{"line":27,"column":7},"end":{"line":29,"column":1}},"line":27},"4":{"name":"issameDay","decl":{"start":{"line":31,"column":7},"end":{"line":33,"column":1}},"loc":{"start":{"line":31,"column":7},"end":{"line":33,"column":1}},"line":31}},"f":{"0":2,"1":7,"2":4,"3":3,"4":3}}
}
